pending de review TEMPORAL PK EN MSSQL
docker para POSTGRES Y TESTEAR TODO AL MAXIMO


UPDATE metadata.catalog
set status = 'FULL_LOAD', last_offset = 0, last_processed_pk = 0
WHERE active = true


UPDATE metadata.catalog SET
    pk_columns = NULL,
    last_processed_pk = NULL,
    pk_strategy = 'OFFSET',
    has_pk = FALSE,
    candidate_columns = NULL;

    ELIMINAR STATUS RESET



    DataSync Error Logs - 10/2/2025, 5:21:44 PM
Total Entries: 474
Level Filter: ALL
Category Filter: ALL
File: /home/iks/OneDrive/Compiler/DataSync_Errors.log
Size: 42.48 KB
Last Modified: 10/2/2025, 5:21:44 PM
================================================================================

2025-10-02 16:57:29.712 [ERROR] [TRANSFER] Error in performBulkUpsert for dbo.basic_types: ERROR:  syntax error at or near "User"
[UNKNOWN]  LINE 1: ...created_time", "notes" = EXCLUDED."notes"(1, Test User 1, 25...
[UNKNOWN]                                                               ^
2025-10-02 16:59:05.780 [ERROR] [TRANSFER] Error in performBulkUpsert for dbo.customers: ERROR:  syntax error at or near "Doe"
[UNKNOWN]  LINE 1: ...il", "created_at" = EXCLUDED."created_at"(1, John Doe, john@...
[UNKNOWN]                                                               ^
2025-10-02 16:59:05.866 [ERROR] [TRANSFER] Error in performBulkUpsert for dbo.test_deltas: ERROR:  syntax error at or near "1"
[UNKNOWN]  LINE 1: ...re", "updated_at" = EXCLUDED."updated_at"(1, Test 1 UPDATED,...
[UNKNOWN]                                                               ^
2025-10-02 16:59:05.895 [ERROR] [TRANSFER] Error in performBulkUpsert for dbo.test_indexes: ERROR:  syntax error at or near "2"
[UNKNOWN]  LINE 1: ...me", "created_at" = EXCLUDED."created_at"(2, Test 2, 1970-01...
[UNKNOWN]                                                               ^
2025-10-02 16:59:05.921 [ERROR] [TRANSFER] Error in performBulkUpsert for dbo.test_multiple_changes: ERROR:  syntax error at or near "Perez"
[UNKNOWN]  LINE 1: ...il", "created_at" = EXCLUDED."created_at"(1, Juan Perez, jua...
[UNKNOWN]                                                               ^
2025-10-02 16:59:05.987 [ERROR] [TRANSFER] Error in performBulkUpsert for dbo.test_data_types: ERROR:  syntax error at or near "field"
[UNKNOWN]  LINE 1: ..., DEFAULT, CHAR000001, CHAR0000000000000001, TEXT field with...
[UNKNOWN]                                                               ^
2025-10-02 16:59:06.019 [ERROR] [TRANSFER] Error in performBulkUpsert for dbo.test_json_data: ERROR:  syntax error at or near "<"
[UNKNOWN]  LINE 1: ...D."tags", "created_at" = EXCLUDED."created_at"(1, <data><id>...
[UNKNOWN]                                                               ^
2025-10-02 16:59:06.047 [ERROR] [TRANSFER] Error in performBulkInsert for dbo.test_no_pk: ERROR:  syntax error at or near "Main"
[UNKNOWN]  LINE 1: ...ontact_1, contact1@company.com, +1-555-0000001, 1 Main Stree...
[UNKNOWN]                                                               ^
2025-10-02 16:59:06.075 [ERROR] [TRANSFER] Error in performBulkUpsert for dbo.test_parent_table: ERROR:  syntax error at or near "1"
[UNKNOWN]  LINE 1: ...", "updated_at" = EXCLUDED."updated_at"(1, Parent 1, Parent ...
[UNKNOWN]                                                               ^
2025-10-02 16:59:06.104 [ERROR] [TRANSFER] Error in performBulkUpsert for dbo.test_small_table: ERROR:  syntax error at or near "16"
[UNKNOWN]  LINE 1: ...pdated_at"(1, Item_1, Clothing, 10.50, 2025-09-25 16:11:36.2...
[UNKNOWN]                                                               ^
2025-10-02 16:59:06.131 [ERROR] [TRANSFER] Error in performBulkUpsert for dbo.test_static_data: ERROR:  syntax error at or near "Item"
[UNKNOWN]  LINE 1: ...t" = EXCLUDED."created_at"(1, CODE0001, Reference Item 1, St...
[UNKNOWN]                                                               ^
2025-10-02 16:59:06.158 [ERROR] [TRANSFER] Error in performBulkUpsert for dbo.test_unicode_data: ERROR:  syntax error at or near "text"
[UNKNOWN]  LINE 1: ..., "created_at" = EXCLUDED."created_at"(1, English text 1, DE...
[UNKNOWN]                                                               ^
2025-10-02 16:59:06.188 [ERROR] [TRANSFER] Error in performBulkUpsert for dbo.test_constraints: ERROR:  syntax error at or near "1"
[UNKNOWN]  LINE 1: ...", "created_at" = EXCLUDED."created_at"(1, Person 1, 19, per...
[UNKNOWN]                                                               ^
2025-10-02 16:59:06.218 [ERROR] [TRANSFER] Error in performBulkUpsert for dbo.test_null_values: ERROR:  syntax error at or near "1"
[UNKNOWN]  LINE 1: ... "created_at" = EXCLUDED."created_at"(1, Required 1, DEFAULT...
[UNKNOWN]                                                               ^
2025-10-02 16:59:06.256 [ERROR] [TRANSFER] Error in performBulkUpsert for dbo.test_child_table: ERROR:  syntax error at or near "1"
[UNKNOWN]  LINE 1: ... "created_at" = EXCLUDED."created_at"(1, 2, Child 1, 5.25, I...
[UNKNOWN]                                                               ^
2025-10-02 16:59:06.299 [ERROR] [TRANSFER] Error in performBulkUpsert for dbo.test_concurrent_access: ERROR:  syntax error at or near "16"
[UNKNOWN]  LINE 1: ...cessed"(1, RESOURCE_000000001, USER_1, 2025-09-25 16:11:06.2...
[UNKNOWN]                                                               ^
2025-10-02 16:59:06.342 [ERROR] [TRANSFER] Error in performBulkUpsert for dbo.test_frequent_changes: ERROR:  syntax error at or near "16"
[UNKNOWN]  LINE 1: ...ason" = EXCLUDED."change_reason"(1, 1, 2025-09-25 16:12:05.3...
[UNKNOWN]                                                               ^
2025-10-02 16:59:06.388 [ERROR] [TRANSFER] Error in performBulkUpsert for dbo.test_single_pk: ERROR:  syntax error at or near "16"
[UNKNOWN]  LINE 1: ...ser_1, user1@example.com, 21, 1001.00, 2025-09-25 16:11:36.1...
[UNKNOWN]                                                               ^
2025-10-02 16:59:06.445 [ERROR] [TRANSFER] Error in performBulkUpsert for dbo.test_incremental_sync: ERROR:  syntax error at or near "data"
[UNKNOWN]  LINE 1: ..._id", "processed" = EXCLUDED."processed"(1, Batch data item ...
[UNKNOWN]                                                               ^
2025-10-02 16:59:06.560 [ERROR] [TRANSFER] Error in performBulkUpsert for dbo.test_products: ERROR:  syntax error at or near "Name"
[UNKNOWN]  LINE 1: ..." = EXCLUDED."updated_at"(1, PROD-000001, Product Name 1, De...
[UNKNOWN]                                                               ^
2025-10-02 16:59:06.866 [ERROR] [TRANSFER] Error in performBulkUpsert for dbo.test_indexed_table: ERROR:  syntax error at or near "16"
[UNKNOWN]  LINE 1: ...e1, FirstName1, LastName1, 2025-09-24, 2025-09-25 16:12:05.5...
[UNKNOWN]                                                               ^
2025-10-02 16:59:07.136 [ERROR] [TRANSFER] Error in performBulkUpsert for dbo.test_medium_table: ERROR:  syntax error at or near "for"
[UNKNOWN]  LINE 1: ...XCLUDED."updated_at"(1, 2, Product_1, Description for produc...
[UNKNOWN]                                                               ^
2025-10-02 16:59:07.478 [ERROR] [TRANSFER] Error in performBulkUpsert for dbo.test_bulk_operations: ERROR:  syntax error at or near "data"
[UNKNOWN]  LINE 1: ...d_flag" = EXCLUDED."processed_flag"(1, 2, 2, Bulk data item ...
[UNKNOWN]                                                               ^
2025-10-02 16:59:08.343 [ERROR] [TRANSFER] Error in performBulkUpsert for dbo.test_orders: ERROR:  syntax error at or near "16"
[UNKNOWN]  LINE 1: ...UDED."updated_at"(1, ORD-000000001, 2, 2025-09-25 16:12:06.3...
[UNKNOWN]                                                               ^
2025-10-02 16:59:09.055 [ERROR] [TRANSFER] Error in performBulkUpsert for dbo.test_large_table: ERROR:  syntax error at or near "00"
[UNKNOWN]  LINE 1: ...0000001, PROD-000001, 2, 26.99, 53.98, 2022-01-02 00:00:00.0...
[UNKNOWN]                                                               ^
2025-10-02 16:59:09.776 [ERROR] [TRANSFER] Error in performBulkUpsert for dbo.test_large_table: ERROR:  syntax error at or near "00"
[UNKNOWN]  LINE 1: ...ROD-000001, 2, 2599026.99, 5198053.98, 2023-12-23 00:00:00.0...
[UNKNOWN]                                                               ^
2025-10-02 16:59:10.447 [ERROR] [TRANSFER] Error in performBulkUpsert for dbo.test_large_table: ERROR:  syntax error at or near "00"
[UNKNOWN]  LINE 1: ...OD-000001, 2, 5198026.99, 10396053.98, 2023-12-13 00:00:00.0...
[UNKNOWN]                                                               ^
2025-10-02 16:59:11.098 [ERROR] [TRANSFER] Error in performBulkUpsert for dbo.test_large_table: ERROR:  syntax error at or near "00"
[UNKNOWN]  LINE 1: ...OD-000001, 2, 7797026.99, 15594053.98, 2023-12-03 00:00:00.0...
[UNKNOWN]                                                               ^
2025-10-02 16:59:11.761 [ERROR] [TRANSFER] Error in performBulkUpsert for dbo.test_large_table: ERROR:  syntax error at or near "00"
[UNKNOWN]  LINE 1: ...D-000001, 2, 10396026.99, 20792053.98, 2023-11-23 00:00:00.0...
[UNKNOWN]                                                               ^
2025-10-02 16:59:12.187 [ERROR] [TRANSFER] Error in performBulkUpsert for dbo.test_order_items: ERROR:  syntax error at or near "16"
[UNKNOWN]  LINE 1: ...ed_at"(1, 2, 2, 2, 26.99, 53.98, 1.00, 2025-09-25 16:12:07.0...
[UNKNOWN]                                                               ^
2025-10-02 16:59:12.522 [ERROR] [TRANSFER] Error in performBulkUpsert for dbo.test_order_items: ERROR:  syntax error at or near "16"
[UNKNOWN]  LINE 1: ...2, 2, 2, 2599026.99, 5198053.98, 1.00, 2025-09-25 16:12:07.0...
[UNKNOWN]                                                               ^
2025-10-02 16:59:12.848 [ERROR] [TRANSFER] Error in performBulkUpsert for dbo.test_order_items: ERROR:  syntax error at or near "16"
[UNKNOWN]  LINE 1: ..., 2, 2, 5198026.99, 10396053.98, 1.00, 2025-09-25 16:12:07.0...
[UNKNOWN]                                                               ^
2025-10-02 16:59:13.188 [ERROR] [TRANSFER] Error in performBulkUpsert for dbo.test_order_items: ERROR:  syntax error at or near "16"
[UNKNOWN]  LINE 1: ..., 2, 2, 7797026.99, 15594053.98, 1.00, 2025-09-25 16:12:07.0...
[UNKNOWN]                                                               ^
2025-10-02 16:59:13.514 [ERROR] [TRANSFER] Error in performBulkUpsert for dbo.test_order_items: ERROR:  syntax error at or near "16"
[UNKNOWN]  LINE 1: ... 2, 2, 10396026.99, 20792053.98, 1.00, 2025-09-25 16:12:07.0...
[UNKNOWN]                                                               ^
2025-10-02 16:59:14.207 [ERROR] [TRANSFER] Error in performBulkUpsert for dbo.test_extreme_table: ERROR:  syntax error at or near ".1"
[UNKNOWN]  LINE 1: ...00000000000000001, 2, VIEW, RES-000000001, 192.168.1.7, Mozi...
[UNKNOWN]                                                               ^
2025-10-02 16:59:14.865 [ERROR] [TRANSFER] Error in performBulkUpsert for dbo.test_extreme_table: ERROR:  syntax error at or near ".41"
[UNKNOWN]  LINE 1: ...000000000100001, 2, SEARCH, RES-000000001, 192.168.41.32, Mo...
[UNKNOWN]                                                               ^
2025-10-02 16:59:15.500 [ERROR] [TRANSFER] Error in performBulkUpsert for dbo.test_extreme_table: ERROR:  syntax error at or near ".81"
[UNKNOWN]  LINE 1: ...000000000200001, 2, DELETE, RES-000000001, 192.168.81.57, Mo...
[UNKNOWN]                                                               ^
2025-10-02 16:59:16.135 [ERROR] [TRANSFER] Error in performBulkUpsert for dbo.test_extreme_table: ERROR:  syntax error at or near ".121"
[UNKNOWN]  LINE 1: ...00000000000300001, 2, VIEW, RES-000000001, 192.168.121.82, M...
[UNKNOWN]                                                               ^
2025-10-02 16:59:16.771 [ERROR] [TRANSFER] Error in performBulkUpsert for dbo.test_extreme_table: ERROR:  syntax error at or near ".161"
[UNKNOWN]  LINE 1: ...000000000400001, 2, SEARCH, RES-000000001, 192.168.161.107, ...
[UNKNOWN]                                                               ^
2025-10-02 16:59:17.401 [ERROR] [TRANSFER] Error in performBulkUpsert for dbo.test_extreme_table: ERROR:  syntax error at or near ".201"
[UNKNOWN]  LINE 1: ...000000000500001, 2, DELETE, RES-000000001, 192.168.201.132, ...
[UNKNOWN]                                                               ^
2025-10-02 16:59:18.044 [ERROR] [TRANSFER] Error in performBulkUpsert for dbo.test_extreme_table: ERROR:  syntax error at or near ".241"
[UNKNOWN]  LINE 1: ...00000000000600001, 2, VIEW, RES-000000001, 192.168.241.157, ...
[UNKNOWN]                                                               ^
2025-10-02 16:59:18.673 [ERROR] [TRANSFER] Error in performBulkUpsert for dbo.test_extreme_table: ERROR:  syntax error at or near ".26"
[UNKNOWN]  LINE 1: ...000000000700001, 2, SEARCH, RES-000000001, 192.168.26.182, M...
[UNKNOWN]                                                               ^
2025-10-02 16:59:19.299 [ERROR] [TRANSFER] Error in performBulkUpsert for dbo.test_extreme_table: ERROR:  syntax error at or near ".66"
[UNKNOWN]  LINE 1: ...000000000800001, 2, DELETE, RES-000000001, 192.168.66.207, M...
[UNKNOWN]                                                               ^
2025-10-02 16:59:19.930 [ERROR] [TRANSFER] Error in performBulkUpsert for dbo.test_extreme_table: ERROR:  syntax error at or near ".106"
[UNKNOWN]  LINE 1: ...00000000000900001, 2, VIEW, RES-000000001, 192.168.106.232, ...
[UNKNOWN]                                                               ^
2025-10-02 16:59:20.576 [ERROR] [TRANSFER] Error in performBulkUpsert for dbo.test_extreme_table: ERROR:  syntax error at or near ".146"
[UNKNOWN]  LINE 1: ...000000001000001, 2, SEARCH, RES-000000001, 192.168.146.2, Mo...
[UNKNOWN]                                                               ^
2025-10-02 16:59:21.226 [ERROR] [TRANSFER] Error in performBulkUpsert for dbo.test_extreme_table: ERROR:  syntax error at or near ".186"
[UNKNOWN]  LINE 1: ...000000001100001, 2, DELETE, RES-000000001, 192.168.186.27, M...
[UNKNOWN]                                                               ^
2025-10-02 16:59:21.865 [ERROR] [TRANSFER] Error in performBulkUpsert for dbo.test_extreme_table: ERROR:  syntax error at or near ".226"
[UNKNOWN]  LINE 1: ...00000000001200001, 2, VIEW, RES-000000001, 192.168.226.52, M...
[UNKNOWN]                                                               ^
2025-10-02 16:59:22.508 [ERROR] [TRANSFER] Error in performBulkUpsert for dbo.test_extreme_table: ERROR:  syntax error at or near ".11"
[UNKNOWN]  LINE 1: ...000000001300001, 2, SEARCH, RES-000000001, 192.168.11.77, Mo...
[UNKNOWN]                                                               ^
2025-10-02 16:59:23.141 [ERROR] [TRANSFER] Error in performBulkUpsert for dbo.test_extreme_table: ERROR:  syntax error at or near ".51"
[UNKNOWN]  LINE 1: ...000000001400001, 2, DELETE, RES-000000001, 192.168.51.102, M...
[UNKNOWN]                                                               ^
2025-10-02 16:59:23.770 [ERROR] [TRANSFER] Error in performBulkUpsert for dbo.test_extreme_table: ERROR:  syntax error at or near ".91"
[UNKNOWN]  LINE 1: ...00000000001500001, 2, VIEW, RES-000000001, 192.168.91.127, M...
[UNKNOWN]                                                               ^
2025-10-02 16:59:24.409 [ERROR] [TRANSFER] Error in performBulkUpsert for dbo.test_extreme_table: ERROR:  syntax error at or near ".131"
[UNKNOWN]  LINE 1: ...000000001600001, 2, SEARCH, RES-000000001, 192.168.131.152, ...
[UNKNOWN]                                                               ^
2025-10-02 16:59:25.041 [ERROR] [TRANSFER] Error in performBulkUpsert for dbo.test_extreme_table: ERROR:  syntax error at or near ".171"
[UNKNOWN]  LINE 1: ...000000001700001, 2, DELETE, RES-000000001, 192.168.171.177, ...
[UNKNOWN]                                                               ^
2025-10-02 16:59:25.669 [ERROR] [TRANSFER] Error in performBulkUpsert for dbo.test_extreme_table: ERROR:  syntax error at or near ".211"
[UNKNOWN]  LINE 1: ...00000000001800001, 2, VIEW, RES-000000001, 192.168.211.202, ...
[UNKNOWN]                                                               ^
2025-10-02 16:59:26.289 [ERROR] [TRANSFER] Error in performBulkUpsert for dbo.test_extreme_table: ERROR:  syntax error at or near ".251"
[UNKNOWN]  LINE 1: ...000000001900001, 2, SEARCH, RES-000000001, 192.168.251.227, ...
[UNKNOWN]                                                               ^
2025-10-02 17:04:44.975 [ERROR] [TRANSFER] Error in performBulkUpsert for dbo.basic_types: ERROR:  syntax error at or near "User"
[UNKNOWN]  LINE 1: ...created_time", "notes" = EXCLUDED."notes"(1, Test User 1, 25...
[UNKNOWN]                                                               ^
2025-10-02 17:04:45.024 [ERROR] [TRANSFER] Error in performBulkUpsert for dbo.customers: ERROR:  syntax error at or near "Doe"
[UNKNOWN]  LINE 1: ...il", "created_at" = EXCLUDED."created_at"(1, John Doe, john@...
[UNKNOWN]                                                               ^
2025-10-02 17:04:45.045 [ERROR] [TRANSFER] Error in performBulkUpsert for dbo.test_deltas: ERROR:  syntax error at or near "1"
[UNKNOWN]  LINE 1: ...re", "updated_at" = EXCLUDED."updated_at"(1, Test 1 UPDATED,...
[UNKNOWN]                                                               ^
2025-10-02 17:04:45.054 [ERROR] [TRANSFER] Error in performBulkUpsert for dbo.test_indexes: ERROR:  syntax error at or near "2"
[UNKNOWN]  LINE 1: ...me", "created_at" = EXCLUDED."created_at"(2, Test 2, 1970-01...
[UNKNOWN]                                                               ^
2025-10-02 17:04:45.063 [ERROR] [TRANSFER] Error in performBulkUpsert for dbo.test_multiple_changes: ERROR:  syntax error at or near "Perez"
[UNKNOWN]  LINE 1: ...il", "created_at" = EXCLUDED."created_at"(1, Juan Perez, jua...
[UNKNOWN]                                                               ^
2025-10-02 17:04:45.094 [ERROR] [TRANSFER] Error in performBulkUpsert for dbo.test_data_types: ERROR:  syntax error at or near "field"
[UNKNOWN]  LINE 1: ..., DEFAULT, CHAR000001, CHAR0000000000000001, TEXT field with...
[UNKNOWN]                                                               ^
2025-10-02 17:04:45.110 [ERROR] [TRANSFER] Error in performBulkUpsert for dbo.test_json_data: ERROR:  syntax error at or near "<"
[UNKNOWN]  LINE 1: ...D."tags", "created_at" = EXCLUDED."created_at"(1, <data><id>...
[UNKNOWN]                                                               ^
2025-10-02 17:04:45.122 [ERROR] [TRANSFER] Error in performBulkInsert for dbo.test_no_pk: ERROR:  syntax error at or near "Main"
[UNKNOWN]  LINE 1: ...ontact_1, contact1@company.com, +1-555-0000001, 1 Main Stree...
[UNKNOWN]                                                               ^
2025-10-02 17:04:45.134 [ERROR] [TRANSFER] Error in performBulkUpsert for dbo.test_parent_table: ERROR:  syntax error at or near "1"
[UNKNOWN]  LINE 1: ...", "updated_at" = EXCLUDED."updated_at"(1, Parent 1, Parent ...
[UNKNOWN]                                                               ^
2025-10-02 17:04:45.146 [ERROR] [TRANSFER] Error in performBulkUpsert for dbo.test_small_table: ERROR:  syntax error at or near "16"
[UNKNOWN]  LINE 1: ...pdated_at"(1, Item_1, Clothing, 10.50, 2025-09-25 16:11:36.2...
[UNKNOWN]                                                               ^
2025-10-02 17:04:45.159 [ERROR] [TRANSFER] Error in performBulkUpsert for dbo.test_static_data: ERROR:  syntax error at or near "Item"
[UNKNOWN]  LINE 1: ...t" = EXCLUDED."created_at"(1, CODE0001, Reference Item 1, St...
[UNKNOWN]                                                               ^
2025-10-02 17:04:45.172 [ERROR] [TRANSFER] Error in performBulkUpsert for dbo.test_unicode_data: ERROR:  syntax error at or near "text"
[UNKNOWN]  LINE 1: ..., "created_at" = EXCLUDED."created_at"(1, English text 1, DE...
[UNKNOWN]                                                               ^
2025-10-02 17:04:45.188 [ERROR] [TRANSFER] Error in performBulkUpsert for dbo.test_constraints: ERROR:  syntax error at or near "1"
[UNKNOWN]  LINE 1: ...", "created_at" = EXCLUDED."created_at"(1, Person 1, 19, per...
[UNKNOWN]                                                               ^
2025-10-02 17:04:45.204 [ERROR] [TRANSFER] Error in performBulkUpsert for dbo.test_null_values: ERROR:  syntax error at or near "1"
[UNKNOWN]  LINE 1: ... "created_at" = EXCLUDED."created_at"(1, Required 1, DEFAULT...
[UNKNOWN]                                                               ^
2025-10-02 17:04:45.228 [ERROR] [TRANSFER] Error in performBulkUpsert for dbo.test_child_table: ERROR:  syntax error at or near "1"
[UNKNOWN]  LINE 1: ... "created_at" = EXCLUDED."created_at"(1, 2, Child 1, 5.25, I...
[UNKNOWN]                                                               ^
2025-10-02 17:04:45.253 [ERROR] [TRANSFER] Error in performBulkUpsert for dbo.test_concurrent_access: ERROR:  syntax error at or near "16"
[UNKNOWN]  LINE 1: ...cessed"(1, RESOURCE_000000001, USER_1, 2025-09-25 16:11:06.2...
[UNKNOWN]                                                               ^
2025-10-02 17:04:45.276 [ERROR] [TRANSFER] Error in performBulkUpsert for dbo.test_frequent_changes: ERROR:  syntax error at or near "16"
[UNKNOWN]  LINE 1: ...ason" = EXCLUDED."change_reason"(1, 1, 2025-09-25 16:12:05.3...
[UNKNOWN]                                                               ^
2025-10-02 17:04:45.303 [ERROR] [TRANSFER] Error in performBulkUpsert for dbo.test_single_pk: ERROR:  syntax error at or near "16"
[UNKNOWN]  LINE 1: ...ser_1, user1@example.com, 21, 1001.00, 2025-09-25 16:11:36.1...
[UNKNOWN]                                                               ^
2025-10-02 17:04:45.339 [ERROR] [TRANSFER] Error in performBulkUpsert for dbo.test_incremental_sync: ERROR:  syntax error at or near "data"
[UNKNOWN]  LINE 1: ..._id", "processed" = EXCLUDED."processed"(1, Batch data item ...
[UNKNOWN]                                                               ^
2025-10-02 17:04:45.407 [ERROR] [TRANSFER] Error in performBulkUpsert for dbo.test_products: ERROR:  syntax error at or near "Name"
[UNKNOWN]  LINE 1: ..." = EXCLUDED."updated_at"(1, PROD-000001, Product Name 1, De...
[UNKNOWN]                                                               ^
2025-10-02 17:04:45.707 [ERROR] [TRANSFER] Error in performBulkUpsert for dbo.test_indexed_table: ERROR:  syntax error at or near "16"
[UNKNOWN]  LINE 1: ...e1, FirstName1, LastName1, 2025-09-24, 2025-09-25 16:12:05.5...
[UNKNOWN]                                                               ^
2025-10-02 17:04:45.993 [ERROR] [TRANSFER] Error in performBulkUpsert for dbo.test_medium_table: ERROR:  syntax error at or near "for"
[UNKNOWN]  LINE 1: ...XCLUDED."updated_at"(1, 2, Product_1, Description for produc...
[UNKNOWN]                                                               ^
2025-10-02 17:04:46.352 [ERROR] [TRANSFER] Error in performBulkUpsert for dbo.test_bulk_operations: ERROR:  syntax error at or near "data"
[UNKNOWN]  LINE 1: ...d_flag" = EXCLUDED."processed_flag"(1, 2, 2, Bulk data item ...
[UNKNOWN]                                                               ^
2025-10-02 17:04:47.224 [ERROR] [TRANSFER] Error in performBulkUpsert for dbo.test_orders: ERROR:  syntax error at or near "16"
[UNKNOWN]  LINE 1: ...UDED."updated_at"(1, ORD-000000001, 2, 2025-09-25 16:12:06.3...
[UNKNOWN]                                                               ^
2025-10-02 17:04:47.949 [ERROR] [TRANSFER] Error in performBulkUpsert for dbo.test_large_table: ERROR:  syntax error at or near "00"
[UNKNOWN]  LINE 1: ...0000001, PROD-000001, 2, 26.99, 53.98, 2022-01-02 00:00:00.0...
[UNKNOWN]                                                               ^
2025-10-02 17:04:48.670 [ERROR] [TRANSFER] Error in performBulkUpsert for dbo.test_large_table: ERROR:  syntax error at or near "00"
[UNKNOWN]  LINE 1: ...ROD-000001, 2, 2599026.99, 5198053.98, 2023-12-23 00:00:00.0...
[UNKNOWN]                                                               ^
2025-10-02 17:04:49.352 [ERROR] [TRANSFER] Error in performBulkUpsert for dbo.test_large_table: ERROR:  syntax error at or near "00"
[UNKNOWN]  LINE 1: ...OD-000001, 2, 5198026.99, 10396053.98, 2023-12-13 00:00:00.0...
[UNKNOWN]                                                               ^
2025-10-02 17:04:50.036 [ERROR] [TRANSFER] Error in performBulkUpsert for dbo.test_large_table: ERROR:  syntax error at or near "00"
[UNKNOWN]  LINE 1: ...OD-000001, 2, 7797026.99, 15594053.98, 2023-12-03 00:00:00.0...
[UNKNOWN]                                                               ^
2025-10-02 17:04:50.716 [ERROR] [TRANSFER] Error in performBulkUpsert for dbo.test_large_table: ERROR:  syntax error at or near "00"
[UNKNOWN]  LINE 1: ...D-000001, 2, 10396026.99, 20792053.98, 2023-11-23 00:00:00.0...
[UNKNOWN]                                                               ^
2025-10-02 17:04:51.145 [ERROR] [TRANSFER] Error in performBulkUpsert for dbo.test_order_items: ERROR:  syntax error at or near "16"
[UNKNOWN]  LINE 1: ...ed_at"(1, 2, 2, 2, 26.99, 53.98, 1.00, 2025-09-25 16:12:07.0...
[UNKNOWN]                                                               ^
2025-10-02 17:04:51.499 [ERROR] [TRANSFER] Error in performBulkUpsert for dbo.test_order_items: ERROR:  syntax error at or near "16"
[UNKNOWN]  LINE 1: ...2, 2, 2, 2599026.99, 5198053.98, 1.00, 2025-09-25 16:12:07.0...
[UNKNOWN]                                                               ^
2025-10-02 17:04:51.835 [ERROR] [TRANSFER] Error in performBulkUpsert for dbo.test_order_items: ERROR:  syntax error at or near "16"
[UNKNOWN]  LINE 1: ..., 2, 2, 5198026.99, 10396053.98, 1.00, 2025-09-25 16:12:07.0...
[UNKNOWN]                                                               ^
2025-10-02 17:04:52.195 [ERROR] [TRANSFER] Error in performBulkUpsert for dbo.test_order_items: ERROR:  syntax error at or near "16"
[UNKNOWN]  LINE 1: ..., 2, 2, 7797026.99, 15594053.98, 1.00, 2025-09-25 16:12:07.0...
[UNKNOWN]                                                               ^
2025-10-02 17:04:52.553 [ERROR] [TRANSFER] Error in performBulkUpsert for dbo.test_order_items: ERROR:  syntax error at or near "16"
[UNKNOWN]  LINE 1: ... 2, 2, 10396026.99, 20792053.98, 1.00, 2025-09-25 16:12:07.0...
[UNKNOWN]                                                               ^
2025-10-02 17:04:53.292 [ERROR] [TRANSFER] Error in performBulkUpsert for dbo.test_extreme_table: ERROR:  syntax error at or near ".1"
[UNKNOWN]  LINE 1: ...00000000000000001, 2, VIEW, RES-000000001, 192.168.1.7, Mozi...
[UNKNOWN]                                                               ^
2025-10-02 17:04:53.980 [ERROR] [TRANSFER] Error in performBulkUpsert for dbo.test_extreme_table: ERROR:  syntax error at or near ".41"
[UNKNOWN]  LINE 1: ...000000000100001, 2, SEARCH, RES-000000001, 192.168.41.32, Mo...
[UNKNOWN]                                                               ^
2025-10-02 17:04:54.623 [ERROR] [TRANSFER] Error in performBulkUpsert for dbo.test_extreme_table: ERROR:  syntax error at or near ".81"
[UNKNOWN]  LINE 1: ...000000000200001, 2, DELETE, RES-000000001, 192.168.81.57, Mo...
[UNKNOWN]                                                               ^
2025-10-02 17:04:55.273 [ERROR] [TRANSFER] Error in performBulkUpsert for dbo.test_extreme_table: ERROR:  syntax error at or near ".121"
[UNKNOWN]  LINE 1: ...00000000000300001, 2, VIEW, RES-000000001, 192.168.121.82, M...
[UNKNOWN]                                                               ^
2025-10-02 17:04:55.897 [ERROR] [TRANSFER] Error in performBulkUpsert for dbo.test_extreme_table: ERROR:  syntax error at or near ".161"
[UNKNOWN]  LINE 1: ...000000000400001, 2, SEARCH, RES-000000001, 192.168.161.107, ...
[UNKNOWN]                                                               ^
2025-10-02 17:04:56.519 [ERROR] [TRANSFER] Error in performBulkUpsert for dbo.test_extreme_table: ERROR:  syntax error at or near ".201"
[UNKNOWN]  LINE 1: ...000000000500001, 2, DELETE, RES-000000001, 192.168.201.132, ...
[UNKNOWN]                                                               ^
2025-10-02 17:04:57.167 [ERROR] [TRANSFER] Error in performBulkUpsert for dbo.test_extreme_table: ERROR:  syntax error at or near ".241"
[UNKNOWN]  LINE 1: ...00000000000600001, 2, VIEW, RES-000000001, 192.168.241.157, ...
[UNKNOWN]                                                               ^
2025-10-02 17:04:57.811 [ERROR] [TRANSFER] Error in performBulkUpsert for dbo.test_extreme_table: ERROR:  syntax error at or near ".26"
[UNKNOWN]  LINE 1: ...000000000700001, 2, SEARCH, RES-000000001, 192.168.26.182, M...
[UNKNOWN]                                                               ^
2025-10-02 17:04:58.442 [ERROR] [TRANSFER] Error in performBulkUpsert for dbo.test_extreme_table: ERROR:  syntax error at or near ".66"
[UNKNOWN]  LINE 1: ...000000000800001, 2, DELETE, RES-000000001, 192.168.66.207, M...
[UNKNOWN]                                                               ^
2025-10-02 17:04:59.109 [ERROR] [TRANSFER] Error in performBulkUpsert for dbo.test_extreme_table: ERROR:  syntax error at or near ".106"
[UNKNOWN]  LINE 1: ...00000000000900001, 2, VIEW, RES-000000001, 192.168.106.232, ...
[UNKNOWN]                                                               ^
2025-10-02 17:04:59.756 [ERROR] [TRANSFER] Error in performBulkUpsert for dbo.test_extreme_table: ERROR:  syntax error at or near ".146"
[UNKNOWN]  LINE 1: ...000000001000001, 2, SEARCH, RES-000000001, 192.168.146.2, Mo...
[UNKNOWN]                                                               ^
2025-10-02 17:05:00.400 [ERROR] [TRANSFER] Error in performBulkUpsert for dbo.test_extreme_table: ERROR:  syntax error at or near ".186"
[UNKNOWN]  LINE 1: ...000000001100001, 2, DELETE, RES-000000001, 192.168.186.27, M...
[UNKNOWN]                                                               ^
2025-10-02 17:05:01.020 [ERROR] [TRANSFER] Error in performBulkUpsert for dbo.test_extreme_table: ERROR:  syntax error at or near ".226"
[UNKNOWN]  LINE 1: ...00000000001200001, 2, VIEW, RES-000000001, 192.168.226.52, M...
[UNKNOWN]                                                               ^
2025-10-02 17:05:01.653 [ERROR] [TRANSFER] Error in performBulkUpsert for dbo.test_extreme_table: ERROR:  syntax error at or near ".11"
[UNKNOWN]  LINE 1: ...000000001300001, 2, SEARCH, RES-000000001, 192.168.11.77, Mo...
[UNKNOWN]                                                               ^
2025-10-02 17:05:02.310 [ERROR] [TRANSFER] Error in performBulkUpsert for dbo.test_extreme_table: ERROR:  syntax error at or near ".51"
[UNKNOWN]  LINE 1: ...000000001400001, 2, DELETE, RES-000000001, 192.168.51.102, M...
[UNKNOWN]                                                               ^
2025-10-02 17:05:02.951 [ERROR] [TRANSFER] Error in performBulkUpsert for dbo.test_extreme_table: ERROR:  syntax error at or near ".91"
[UNKNOWN]  LINE 1: ...00000000001500001, 2, VIEW, RES-000000001, 192.168.91.127, M...
[UNKNOWN]                                                               ^
2025-10-02 17:05:03.642 [ERROR] [TRANSFER] Error in performBulkUpsert for dbo.test_extreme_table: ERROR:  syntax error at or near ".131"
[UNKNOWN]  LINE 1: ...000000001600001, 2, SEARCH, RES-000000001, 192.168.131.152, ...
[UNKNOWN]                                                               ^
2025-10-02 17:05:04.278 [ERROR] [TRANSFER] Error in performBulkUpsert for dbo.test_extreme_table: ERROR:  syntax error at or near ".171"
[UNKNOWN]  LINE 1: ...000000001700001, 2, DELETE, RES-000000001, 192.168.171.177, ...
[UNKNOWN]                                                               ^
2025-10-02 17:05:04.930 [ERROR] [TRANSFER] Error in performBulkUpsert for dbo.test_extreme_table: ERROR:  syntax error at or near ".211"
[UNKNOWN]  LINE 1: ...00000000001800001, 2, VIEW, RES-000000001, 192.168.211.202, ...
[UNKNOWN]                                                               ^
2025-10-02 17:05:05.574 [ERROR] [TRANSFER] Error in performBulkUpsert for dbo.test_extreme_table: ERROR:  syntax error at or near ".251"
[UNKNOWN]  LINE 1: ...000000001900001, 2, SEARCH, RES-000000001, 192.168.251.227, ...
[UNKNOWN]                                                               ^
2025-10-02 17:21:26.145 [ERROR] [TRANSFER] Error in performBulkUpsert for dbo.basic_types: ERROR:  syntax error at or near "User"
[UNKNOWN]  LINE 1: ...created_time", "notes" = EXCLUDED."notes"(1, Test User 1, 25...
[UNKNOWN]                                                               ^
2025-10-02 17:21:26.169 [ERROR] [TRANSFER] Error in performBulkUpsert for dbo.customers: ERROR:  syntax error at or near "Doe"
[UNKNOWN]  LINE 1: ...il", "created_at" = EXCLUDED."created_at"(1, John Doe, john@...
[UNKNOWN]                                                               ^
2025-10-02 17:21:26.186 [ERROR] [TRANSFER] Error in performBulkUpsert for dbo.test_deltas: ERROR:  syntax error at or near "1"
[UNKNOWN]  LINE 1: ...re", "updated_at" = EXCLUDED."updated_at"(1, Test 1 UPDATED,...
[UNKNOWN]                                                               ^
2025-10-02 17:21:26.195 [ERROR] [TRANSFER] Error in performBulkUpsert for dbo.test_indexes: ERROR:  syntax error at or near "2"
[UNKNOWN]  LINE 1: ...me", "created_at" = EXCLUDED."created_at"(2, Test 2, 1970-01...
[UNKNOWN]                                                               ^
2025-10-02 17:21:26.205 [ERROR] [TRANSFER] Error in performBulkUpsert for dbo.test_multiple_changes: ERROR:  syntax error at or near "Perez"
[UNKNOWN]  LINE 1: ...il", "created_at" = EXCLUDED."created_at"(1, Juan Perez, jua...
[UNKNOWN]                                                               ^
2025-10-02 17:21:26.238 [ERROR] [TRANSFER] Error in performBulkUpsert for dbo.test_data_types: ERROR:  syntax error at or near "field"
[UNKNOWN]  LINE 1: ..., DEFAULT, CHAR000001, CHAR0000000000000001, TEXT field with...
[UNKNOWN]                                                               ^
2025-10-02 17:21:26.253 [ERROR] [TRANSFER] Error in performBulkUpsert for dbo.test_json_data: ERROR:  syntax error at or near "<"
[UNKNOWN]  LINE 1: ...D."tags", "created_at" = EXCLUDED."created_at"(1, <data><id>...
[UNKNOWN]                                                               ^
2025-10-02 17:21:26.266 [ERROR] [TRANSFER] Error in performBulkInsert for dbo.test_no_pk: ERROR:  syntax error at or near "Main"
[UNKNOWN]  LINE 1: ...ontact_1, contact1@company.com, +1-555-0000001, 1 Main Stree...
[UNKNOWN]                                                               ^
2025-10-02 17:21:26.279 [ERROR] [TRANSFER] Error in performBulkUpsert for dbo.test_parent_table: ERROR:  syntax error at or near "1"
[UNKNOWN]  LINE 1: ...", "updated_at" = EXCLUDED."updated_at"(1, Parent 1, Parent ...
[UNKNOWN]                                                               ^
2025-10-02 17:21:26.293 [ERROR] [TRANSFER] Error in performBulkUpsert for dbo.test_small_table: ERROR:  syntax error at or near "16"
[UNKNOWN]  LINE 1: ...pdated_at"(1, Item_1, Clothing, 10.50, 2025-09-25 16:11:36.2...
[UNKNOWN]                                                               ^
2025-10-02 17:21:26.307 [ERROR] [TRANSFER] Error in performBulkUpsert for dbo.test_static_data: ERROR:  syntax error at or near "Item"
[UNKNOWN]  LINE 1: ...t" = EXCLUDED."created_at"(1, CODE0001, Reference Item 1, St...
[UNKNOWN]                                                               ^
2025-10-02 17:21:26.321 [ERROR] [TRANSFER] Error in performBulkUpsert for dbo.test_unicode_data: ERROR:  syntax error at or near "text"
[UNKNOWN]  LINE 1: ..., "created_at" = EXCLUDED."created_at"(1, English text 1, DE...
[UNKNOWN]                                                               ^
2025-10-02 17:21:26.338 [ERROR] [TRANSFER] Error in performBulkUpsert for dbo.test_constraints: ERROR:  syntax error at or near "1"
[UNKNOWN]  LINE 1: ...", "created_at" = EXCLUDED."created_at"(1, Person 1, 19, per...
[UNKNOWN]                                                               ^
2025-10-02 17:21:26.354 [ERROR] [TRANSFER] Error in performBulkUpsert for dbo.test_null_values: ERROR:  syntax error at or near "1"
[UNKNOWN]  LINE 1: ... "created_at" = EXCLUDED."created_at"(1, Required 1, DEFAULT...
[UNKNOWN]                                                               ^
2025-10-02 17:21:26.379 [ERROR] [TRANSFER] Error in performBulkUpsert for dbo.test_child_table: ERROR:  syntax error at or near "1"
[UNKNOWN]  LINE 1: ... "created_at" = EXCLUDED."created_at"(1, 2, Child 1, 5.25, I...
[UNKNOWN]                                                               ^
2025-10-02 17:21:26.407 [ERROR] [TRANSFER] Error in performBulkUpsert for dbo.test_concurrent_access: ERROR:  syntax error at or near "16"
[UNKNOWN]  LINE 1: ...cessed"(1, RESOURCE_000000001, USER_1, 2025-09-25 16:11:06.2...
[UNKNOWN]                                                               ^
2025-10-02 17:21:26.432 [ERROR] [TRANSFER] Error in performBulkUpsert for dbo.test_frequent_changes: ERROR:  syntax error at or near "16"
[UNKNOWN]  LINE 1: ...ason" = EXCLUDED."change_reason"(1, 1, 2025-09-25 16:12:05.3...
[UNKNOWN]                                                               ^
2025-10-02 17:21:26.460 [ERROR] [TRANSFER] Error in performBulkUpsert for dbo.test_single_pk: ERROR:  syntax error at or near "16"
[UNKNOWN]  LINE 1: ...ser_1, user1@example.com, 21, 1001.00, 2025-09-25 16:11:36.1...
[UNKNOWN]                                                               ^
2025-10-02 17:21:26.498 [ERROR] [TRANSFER] Error in performBulkUpsert for dbo.test_incremental_sync: ERROR:  syntax error at or near "data"
[UNKNOWN]  LINE 1: ..._id", "processed" = EXCLUDED."processed"(1, Batch data item ...
[UNKNOWN]                                                               ^
2025-10-02 17:21:26.570 [ERROR] [TRANSFER] Error in performBulkUpsert for dbo.test_products: ERROR:  syntax error at or near "Name"
[UNKNOWN]  LINE 1: ..." = EXCLUDED."updated_at"(1, PROD-000001, Product Name 1, De...
[UNKNOWN]                                                               ^
2025-10-02 17:21:26.850 [ERROR] [TRANSFER] Error in performBulkUpsert for dbo.test_indexed_table: ERROR:  syntax error at or near "16"
[UNKNOWN]  LINE 1: ...e1, FirstName1, LastName1, 2025-09-24, 2025-09-25 16:12:05.5...
[UNKNOWN]                                                               ^
2025-10-02 17:21:27.153 [ERROR] [TRANSFER] Error in performBulkUpsert for dbo.test_medium_table: ERROR:  syntax error at or near "for"
[UNKNOWN]  LINE 1: ...XCLUDED."updated_at"(1, 2, Product_1, Description for produc...
[UNKNOWN]                                                               ^
2025-10-02 17:21:27.500 [ERROR] [TRANSFER] Error in performBulkUpsert for dbo.test_bulk_operations: ERROR:  syntax error at or near "data"
[UNKNOWN]  LINE 1: ...d_flag" = EXCLUDED."processed_flag"(1, 2, 2, Bulk data item ...
[UNKNOWN]                                                               ^
2025-10-02 17:21:28.375 [ERROR] [TRANSFER] Error in performBulkUpsert for dbo.test_orders: ERROR:  syntax error at or near "16"
[UNKNOWN]  LINE 1: ...UDED."updated_at"(1, ORD-000000001, 2, 2025-09-25 16:12:06.3...
[UNKNOWN]                                                               ^
2025-10-02 17:21:29.109 [ERROR] [TRANSFER] Error in performBulkUpsert for dbo.test_large_table: ERROR:  syntax error at or near "00"
[UNKNOWN]  LINE 1: ...0000001, PROD-000001, 2, 26.99, 53.98, 2022-01-02 00:00:00.0...
[UNKNOWN]                                                               ^
2025-10-02 17:21:29.845 [ERROR] [TRANSFER] Error in performBulkUpsert for dbo.test_large_table: ERROR:  syntax error at or near "00"
[UNKNOWN]  LINE 1: ...ROD-000001, 2, 2599026.99, 5198053.98, 2023-12-23 00:00:00.0...
[UNKNOWN]                                                               ^
2025-10-02 17:21:30.569 [ERROR] [TRANSFER] Error in performBulkUpsert for dbo.test_large_table: ERROR:  syntax error at or near "00"
[UNKNOWN]  LINE 1: ...OD-000001, 2, 5198026.99, 10396053.98, 2023-12-13 00:00:00.0...
[UNKNOWN]                                                               ^
2025-10-02 17:21:31.289 [ERROR] [TRANSFER] Error in performBulkUpsert for dbo.test_large_table: ERROR:  syntax error at or near "00"
[UNKNOWN]  LINE 1: ...OD-000001, 2, 7797026.99, 15594053.98, 2023-12-03 00:00:00.0...
[UNKNOWN]                                                               ^
2025-10-02 17:21:32.040 [ERROR] [TRANSFER] Error in performBulkUpsert for dbo.test_large_table: ERROR:  syntax error at or near "00"
[UNKNOWN]  LINE 1: ...D-000001, 2, 10396026.99, 20792053.98, 2023-11-23 00:00:00.0...
[UNKNOWN]                                                               ^
2025-10-02 17:21:32.472 [ERROR] [TRANSFER] Error in performBulkUpsert for dbo.test_order_items: ERROR:  syntax error at or near "16"
[UNKNOWN]  LINE 1: ...ed_at"(1, 2, 2, 2, 26.99, 53.98, 1.00, 2025-09-25 16:12:07.0...
[UNKNOWN]                                                               ^
2025-10-02 17:21:32.824 [ERROR] [TRANSFER] Error in performBulkUpsert for dbo.test_order_items: ERROR:  syntax error at or near "16"
[UNKNOWN]  LINE 1: ...2, 2, 2, 2599026.99, 5198053.98, 1.00, 2025-09-25 16:12:07.0...
[UNKNOWN]                                                               ^
2025-10-02 17:21:33.167 [ERROR] [TRANSFER] Error in performBulkUpsert for dbo.test_order_items: ERROR:  syntax error at or near "16"
[UNKNOWN]  LINE 1: ..., 2, 2, 5198026.99, 10396053.98, 1.00, 2025-09-25 16:12:07.0...
[UNKNOWN]                                                               ^
2025-10-02 17:21:33.495 [ERROR] [TRANSFER] Error in performBulkUpsert for dbo.test_order_items: ERROR:  syntax error at or near "16"
[UNKNOWN]  LINE 1: ..., 2, 2, 7797026.99, 15594053.98, 1.00, 2025-09-25 16:12:07.0...
[UNKNOWN]                                                               ^
2025-10-02 17:21:33.832 [ERROR] [TRANSFER] Error in performBulkUpsert for dbo.test_order_items: ERROR:  syntax error at or near "16"
[UNKNOWN]  LINE 1: ... 2, 2, 10396026.99, 20792053.98, 1.00, 2025-09-25 16:12:07.0...
[UNKNOWN]                                                               ^
2025-10-02 17:21:34.563 [ERROR] [TRANSFER] Error in performBulkUpsert for dbo.test_extreme_table: ERROR:  syntax error at or near ".1"
[UNKNOWN]  LINE 1: ...00000000000000001, 2, VIEW, RES-000000001, 192.168.1.7, Mozi...
[UNKNOWN]                                                               ^
2025-10-02 17:21:35.244 [ERROR] [TRANSFER] Error in performBulkUpsert for dbo.test_extreme_table: ERROR:  syntax error at or near ".41"
[UNKNOWN]  LINE 1: ...000000000100001, 2, SEARCH, RES-000000001, 192.168.41.32, Mo...
[UNKNOWN]                                                               ^
2025-10-02 17:21:35.926 [ERROR] [TRANSFER] Error in performBulkUpsert for dbo.test_extreme_table: ERROR:  syntax error at or near ".81"
[UNKNOWN]  LINE 1: ...000000000200001, 2, DELETE, RES-000000001, 192.168.81.57, Mo...
[UNKNOWN]                                                               ^
2025-10-02 17:21:36.596 [ERROR] [TRANSFER] Error in performBulkUpsert for dbo.test_extreme_table: ERROR:  syntax error at or near ".121"
[UNKNOWN]  LINE 1: ...00000000000300001, 2, VIEW, RES-000000001, 192.168.121.82, M...
[UNKNOWN]                                                               ^
2025-10-02 17:21:37.263 [ERROR] [TRANSFER] Error in performBulkUpsert for dbo.test_extreme_table: ERROR:  syntax error at or near ".161"
[UNKNOWN]  LINE 1: ...000000000400001, 2, SEARCH, RES-000000001, 192.168.161.107, ...
[UNKNOWN]                                                               ^
2025-10-02 17:21:37.929 [ERROR] [TRANSFER] Error in performBulkUpsert for dbo.test_extreme_table: ERROR:  syntax error at or near ".201"
[UNKNOWN]  LINE 1: ...000000000500001, 2, DELETE, RES-000000001, 192.168.201.132, ...
[UNKNOWN]                                                               ^
2025-10-02 17:21:38.596 [ERROR] [TRANSFER] Error in performBulkUpsert for dbo.test_extreme_table: ERROR:  syntax error at or near ".241"
[UNKNOWN]  LINE 1: ...00000000000600001, 2, VIEW, RES-000000001, 192.168.241.157, ...
[UNKNOWN]                                                               ^
2025-10-02 17:21:39.391 [ERROR] [TRANSFER] Error in performBulkUpsert for dbo.test_extreme_table: ERROR:  syntax error at or near ".26"
[UNKNOWN]  LINE 1: ...000000000700001, 2, SEARCH, RES-000000001, 192.168.26.182, M...
[UNKNOWN]                                                               ^
2025-10-02 17:21:40.032 [ERROR] [TRANSFER] Error in performBulkUpsert for dbo.test_extreme_table: ERROR:  syntax error at or near ".66"
[UNKNOWN]  LINE 1: ...000000000800001, 2, DELETE, RES-000000001, 192.168.66.207, M...
[UNKNOWN]                                                               ^
2025-10-02 17:21:40.699 [ERROR] [TRANSFER] Error in performBulkUpsert for dbo.test_extreme_table: ERROR:  syntax error at or near ".106"
[UNKNOWN]  LINE 1: ...00000000000900001, 2, VIEW, RES-000000001, 192.168.106.232, ...
[UNKNOWN]                                                               ^
2025-10-02 17:21:41.347 [ERROR] [TRANSFER] Error in performBulkUpsert for dbo.test_extreme_table: ERROR:  syntax error at or near ".146"
[UNKNOWN]  LINE 1: ...000000001000001, 2, SEARCH, RES-000000001, 192.168.146.2, Mo...
[UNKNOWN]                                                               ^
2025-10-02 17:21:41.997 [ERROR] [TRANSFER] Error in performBulkUpsert for dbo.test_extreme_table: ERROR:  syntax error at or near ".186"
[UNKNOWN]  LINE 1: ...000000001100001, 2, DELETE, RES-000000001, 192.168.186.27, M...
[UNKNOWN]                                                               ^
2025-10-02 17:21:42.666 [ERROR] [TRANSFER] Error in performBulkUpsert for dbo.test_extreme_table: ERROR:  syntax error at or near ".226"
[UNKNOWN]  LINE 1: ...00000000001200001, 2, VIEW, RES-000000001, 192.168.226.52, M...
[UNKNOWN]                                                               ^
2025-10-02 17:21:43.338 [ERROR] [TRANSFER] Error in performBulkUpsert for dbo.test_extreme_table: ERROR:  syntax error at or near ".11"
[UNKNOWN]  LINE 1: ...000000001300001, 2, SEARCH, RES-000000001, 192.168.11.77, Mo...
[UNKNOWN]                                                               ^
2025-10-02 17:21:44.015 [ERROR] [TRANSFER] Error in performBulkUpsert for dbo.test_extreme_table: ERROR:  syntax error at or near ".51"
[UNKNOWN]  LINE 1: ...000000001400001, 2, DELETE, RES-000000001, 192.168.51.102, M...
[UNKNOWN]                                                               ^
2025-10-02 17:21:44.684 [ERROR] [TRANSFER] Error in performBulkUpsert for dbo.test_extreme_table: ERROR:  syntax error at or near ".91"
[UNKNOWN]  LINE 1: ...00000000001500001, 2, VIEW, RES-000000001, 192.168.91.127, M...
[UNKNOWN]                                                               ^


Realiza una revisi贸n exhaustiva de los archivos abiertos o seleccionados, considerando lo siguiente:

 FUNCIONALIDAD Y LGICA
1. Verifica que el flujo de ejecuci贸n general sea correcto, sin errores l贸gicos ni condiciones inesperadas.
2. Aseg煤rate de que la integraci贸n entre archivos de cabecera (.h) y sus implementaciones (.cpp) est茅 bien hecha: sin funciones faltantes, mal declaradas o inconsistentes.

 BUENAS PRCTICAS EN C++
3. Revisa si hay errores comunes del lenguaje: fugas de memoria, punteros mal gestionados, referencias no inicializadas, uso inseguro de recursos, etc.
4. Eval煤a el uso adecuado de caracter铆sticas modernas de C++: smart pointers (`std::unique_ptr`, `std::shared_ptr`), `const correctness`, range-based for loops, `nullptr`, `override`, etc.

 DISEO Y ARQUITECTURA
5. Eval煤a si se aplican correctamente principios de dise帽o orientado a objetos: **SOLID**, encapsulamiento, separaci贸n de responsabilidades, cohesi贸n, bajo acoplamiento.
6. Aseg煤rate de que el c贸digo respete los principios **DRY** (evitar duplicaci贸n innecesaria) y **KISS** (mantenerlo simple y claro).

Ч MANTENIBILIDAD Y CALIDAD
7. Detecta c贸digo muerto: funciones, variables o clases no utilizadas.
8. Revisa el manejo de errores: excepciones, validaciones y control de condiciones inesperadas.
9. Eval煤a la claridad y consistencia del estilo de c贸digo: nombres descriptivos, comentarios 煤tiles, indentaci贸n, uso correcto de namespaces y visibilidad.
10. Sugiere refactorizaciones si hay clases o funciones que violan principios de buen dise帽o (por ejemplo, *god classes*, *long methods*, l贸gica duplicada o responsabilidades m煤ltiples).

 INTEGRACIN CON EL RESTO DEL PROYECTO
11. Identifica en qu茅 otros archivos se utilizan estas clases o funciones y eval煤a si su uso externo es correcto y seguro.
12. Verifica que la interfaz p煤blica est茅 bien dise帽ada, sea coherente, y f谩cil de usar desde otros m贸dulos.
13. Detecta dependencias innecesarias o acoplamientos fuertes que dificulten la escalabilidad o las pruebas.
14. Sugiere mejoras para hacer el c贸digo m谩s **modular, reutilizable, extensible y f谩cil de mantener a largo plazo**.

 Para cada hallazgo, proporciona explicaciones claras y, si es posible, fragmentos de c贸digo con soluciones concretas.
